2021-03-14 13:01 -- {"eid": "aasd@gmail.com", "reqdesc": "sgdg"}
2021-03-14 13:02 -- {"eid": "aasd@gmail.com", "reqdesc": "sgdg"}
2021-03-14 13:02 -- {"eid": "aasd@gmail.com", "reqdesc": "sgdg"}
2021-03-14 13:02 -- {"eid": "aasd@gmail.com", "reqdesc": "sgdg"}
2021-03-14 13:04 -- {"eid": "vishwasBeede@gmail.co", "reqdesc": "I need website for my dog"}
2021-03-14 13:05 -- {"eid": "vishwasBeede@gmail.co", "reqdesc": "Mobile app\r\n"}
2021-03-14 13:08 -- {"eid": "hdhdhfh@gf.com", "reqdesc": "Bxbdbf"}
2021-03-14 13:09 -- {"eid": "hdhdhfh@gf.com", "reqdesc": "Bxbdbf"}
2021-03-14 13:09 -- {"eid": "hdhdhfh@gf.com", "reqdesc": "Bxbdbf"}
2021-03-14 13:09 -- {"eid": "hdhdhfh@gf.com", "reqdesc": "Bxbdbf"}
2021-03-14 13:09 -- {"eid": "hdhdhfh@gf.com", "reqdesc": "Bxbdbf"}
2021-03-14 13:09 -- {"eid": "hdhdhfh@gf.com", "reqdesc": "Bxbdbf"}
2021-03-14 13:09 -- {"eid": "hdhdhfh@gf.com", "reqdesc": "Bxbdbf"}
2021-03-14 13:10 -- {"eid": "hdhdhfh@gf.com", "reqdesc": "Bxbdbf"}
2021-03-14 13:11 -- {"eid": "xyz@djdj.co", "reqdesc": "GOOD MORNING;;;;;\ud83d\ude1c\ud83d\ude01\ud83d\ude18\ud83d\ude17\ud83e\udd70\ud83e\udd11"}
2021-03-14 13:13 -- {"eid": "vishwasBeede@doogle.com.co", "reqdesc": "Doogle domain"}
2021-03-14 13:13 -- {"eid": "vishwasBeede@doogle.com.co", "reqdesc": "Doogle domain"}
2021-03-14 13:13 -- {"eid": "vishwasBeede@gmail.co", "reqdesc": "sdgshf"}
2021-03-14 13:14 -- {"eid": "rttrurtu@jkhskdh.com", "reqdesc": "rturturughghhg"}
2021-03-14 13:16 -- {"eid": "xyz@djdj.co", "reqdesc": "GOOD MORNING;;;;;\ud83d\ude1c\ud83d\ude01\ud83d\ude18\ud83d\ude17\ud83e\udd70\ud83e\udd11"}
2021-03-14 13:16 -- {"eid": "xyz@djdj.co", "reqdesc": "GOOD MORNING;;;;;\ud83d\ude1c\ud83d\ude01\ud83d\ude18\ud83d\ude17\ud83e\udd70\ud83e\udd11"}
2021-03-14 13:16 -- {"eid": "hdhdhfh@gf.com", "reqdesc": "Bxbdbf"}
2021-03-14 13:16 -- {"eid": "hdhdhfh@gf.com", "reqdesc": "Bxbdbf"}
2021-03-14 13:16 -- {"eid": "hdhdhfh@gf.com", "reqdesc": "Bdhfbf"}
2021-03-14 13:17 -- {"eid": "bdbd@jdjd.com", "reqdesc": "good morning"}
2021-03-14 19:41 -- {"eid": "vudjd@hdhd.com", "reqdesc": "Ckhckyf"}
2021-03-14 19:42 -- {"eid": "vudjd@hdhd.com", "reqdesc": "Ckhckyf"}
2021-03-14 19:42 -- {"eid": "vudjd@hdhd.com", "reqdesc": "Ckhckyf"}
2021-03-14 19:42 -- {"eid": "vudjd@hdhd.com", "reqdesc": "Ckhckyf"}
2021-03-14 19:43 -- {"eid": "vudjd@hdhd.com", "reqdesc": "Ckhckyf"}
2021-03-14 19:44 -- {"eid": "vudjd@hdhd.com", "reqdesc": "Ckhckyf"}
2021-03-14 19:46 -- {"eid": "vudjd@hdhd.com", "reqdesc": "Ckhckyf"}
2021-03-14 19:47 -- {"eid": "vudjd@hdhd.com", "reqdesc": "Ckhckyf"}
2021-03-14 19:48 -- {"eid": "vudjd@hdhd.com", "reqdesc": "Ckhckyf"}
2021-03-14 19:48 -- {"eid": "vudjd@hdhd.com", "reqdesc": "Ckhckyf"}
2021-03-14 19:49 -- {"eid": "vudjd@hdhd.com", "reqdesc": "Ckhckyf"}
2021-03-14 19:50 -- {"eid": "vudjd@hdhd.com", "reqdesc": "Ckhckyf"}
2021-03-14 19:51 -- {"eid": "bdbdb@dndn.com", "reqdesc": "hello at 7 51"}
2021-03-15 14:16 -- {"eid": "vishwasBeede@gmail.com", "reqdesc": "Hello vishwas"}
2021-03-15 14:18 -- {"eid": "vishwasBeede@gmail.com", "reqdesc": "Hello vishwa"}
